d:\data\github\pat\1001\pat1001\pat1001\debug\pat1001.pch
d:\data\github\pat\1001\pat1001\pat1001\debug\vc140.pdb
d:\data\github\pat\1001\pat1001\pat1001\debug\vc140.idb
d:\data\github\pat\1001\pat1001\pat1001\debug\stdafx.obj
d:\data\github\pat\1001\pat1001\pat1001\debug\pat1001.obj
d:\data\github\pat\1001\pat1001\debug\pat1001.ilk
d:\data\github\pat\1001\pat1001\debug\pat1001.exe
d:\data\github\pat\1001\pat1001\debug\pat1001.pdb
c:\github\pat clone\pat\1001\pat1001\pat1001\debug\pat1001.obj
c:\github\pat clone\pat\1001\pat1001\pat1001\debug\stdafx.obj
c:\github\pat clone\pat\1001\pat1001\pat1001\debug\pat1001.pch
c:\github\pat clone\pat\1001\pat1001\pat1001\debug\vc140.idb
c:\github\pat clone\pat\1001\pat1001\pat1001\debug\vc140.pdb
c:\github\pat clone\pat\1001\pat1001\debug\pat1001.pdb
c:\github\pat clone\pat\1001\pat1001\debug\pat1001.exe
c:\github\pat clone\pat\1001\pat1001\debug\pat1001.ilk
c:\github\pat clone\pat\1001\pat1001\pat1001\debug\pat1001.tlog\cl.command.1.tlog
c:\github\pat clone\pat\1001\pat1001\pat1001\debug\pat1001.tlog\cl.read.1.tlog
c:\github\pat clone\pat\1001\pat1001\pat1001\debug\pat1001.tlog\cl.write.1.tlog
c:\github\pat clone\pat\1001\pat1001\pat1001\debug\pat1001.tlog\link.command.1.tlog
c:\github\pat clone\pat\1001\pat1001\pat1001\debug\pat1001.tlog\link.read.1.tlog
c:\github\pat clone\pat\1001\pat1001\pat1001\debug\pat1001.tlog\link.write.1.tlog
