c:\github\pat clone\pat\1020\1020\debug\1020.pch.codeanalysis
c:\github\pat clone\pat\1020\1020\debug\vc140.pdb
c:\github\pat clone\pat\1020\1020\debug\vc140.idb
c:\github\pat clone\pat\1020\1020\debug\1020.pch.codeanalysisast
c:\github\pat clone\pat\1020\1020\debug\stdafx.nativecodeanalysis.xml
c:\github\pat clone\pat\1020\1020\debug\stdafx.obj
c:\github\pat clone\pat\1020\1020\debug\1020.nativecodeanalysis.xml
c:\github\pat clone\pat\1020\1020\debug\1020.obj
c:\github\pat clone\pat\1020\debug\1020.ilk
c:\github\pat clone\pat\1020\debug\1020.exe
c:\github\pat clone\pat\1020\debug\1020.pdb
c:\github\pat clone\pat\1020\1020\debug\nativecodeanalysis.read.1.tlog
c:\github\pat clone\pat\1020\1020\debug\vc.nativecodeanalysis.all.xml
c:\github\pat clone\pat\1020\debug\1020.exe.lastcodeanalysissucceeded
c:\github\pat clone\pat\1020\1020\debug\1020.tlog\cl.command.1.tlog
c:\github\pat clone\pat\1020\1020\debug\1020.tlog\cl.read.1.tlog
c:\github\pat clone\pat\1020\1020\debug\1020.tlog\cl.write.1.tlog
c:\github\pat clone\pat\1020\1020\debug\1020.tlog\link.command.1.tlog
c:\github\pat clone\pat\1020\1020\debug\1020.tlog\link.read.1.tlog
c:\github\pat clone\pat\1020\1020\debug\1020.tlog\link.write.1.tlog
