c:\github\pat clone\pat\1045\1045\debug\1045.pch.codeanalysis
c:\github\pat clone\pat\1045\1045\debug\vc140.pdb
c:\github\pat clone\pat\1045\1045\debug\vc140.idb
c:\github\pat clone\pat\1045\1045\debug\1045.pch.codeanalysisast
c:\github\pat clone\pat\1045\1045\debug\stdafx.nativecodeanalysis.xml
c:\github\pat clone\pat\1045\1045\debug\stdafx.obj
c:\github\pat clone\pat\1045\1045\debug\1045.nativecodeanalysis.xml
c:\github\pat clone\pat\1045\1045\debug\1045.obj
c:\github\pat clone\pat\1045\debug\1045.ilk
c:\github\pat clone\pat\1045\debug\1045.exe
c:\github\pat clone\pat\1045\debug\1045.pdb
c:\github\pat clone\pat\1045\1045\debug\nativecodeanalysis.read.1.tlog
c:\github\pat clone\pat\1045\1045\debug\vc.nativecodeanalysis.all.xml
c:\github\pat clone\pat\1045\debug\1045.exe.lastcodeanalysissucceeded
c:\github\pat clone\pat\1045\1045\debug\1045.tlog\cl.command.1.tlog
c:\github\pat clone\pat\1045\1045\debug\1045.tlog\cl.read.1.tlog
c:\github\pat clone\pat\1045\1045\debug\1045.tlog\cl.write.1.tlog
c:\github\pat clone\pat\1045\1045\debug\1045.tlog\link.command.1.tlog
c:\github\pat clone\pat\1045\1045\debug\1045.tlog\link.read.1.tlog
c:\github\pat clone\pat\1045\1045\debug\1045.tlog\link.write.1.tlog
