c:\github\pat clone\pat\1025\1025\debug\1025.pch.codeanalysis
c:\github\pat clone\pat\1025\1025\debug\vc140.pdb
c:\github\pat clone\pat\1025\1025\debug\vc140.idb
c:\github\pat clone\pat\1025\1025\debug\1025.pch.codeanalysisast
c:\github\pat clone\pat\1025\1025\debug\stdafx.nativecodeanalysis.xml
c:\github\pat clone\pat\1025\1025\debug\stdafx.obj
c:\github\pat clone\pat\1025\1025\debug\1025.nativecodeanalysis.xml
c:\github\pat clone\pat\1025\1025\debug\1025.obj
c:\github\pat clone\pat\1025\debug\1025.ilk
c:\github\pat clone\pat\1025\debug\1025.exe
c:\github\pat clone\pat\1025\debug\1025.pdb
c:\github\pat clone\pat\1025\1025\debug\nativecodeanalysis.read.1.tlog
c:\github\pat clone\pat\1025\1025\debug\vc.nativecodeanalysis.all.xml
c:\github\pat clone\pat\1025\debug\1025.exe.lastcodeanalysissucceeded
c:\github\pat clone\pat\1025\1025\debug\1025.tlog\cl.command.1.tlog
c:\github\pat clone\pat\1025\1025\debug\1025.tlog\cl.read.1.tlog
c:\github\pat clone\pat\1025\1025\debug\1025.tlog\cl.write.1.tlog
c:\github\pat clone\pat\1025\1025\debug\1025.tlog\link.command.1.tlog
c:\github\pat clone\pat\1025\1025\debug\1025.tlog\link.read.1.tlog
c:\github\pat clone\pat\1025\1025\debug\1025.tlog\link.write.1.tlog
