c:\github\pat clone\pat\1014\1014\debug\1014.pch.codeanalysis
c:\github\pat clone\pat\1014\1014\debug\vc140.pdb
c:\github\pat clone\pat\1014\1014\debug\vc140.idb
c:\github\pat clone\pat\1014\1014\debug\1014.pch.codeanalysisast
c:\github\pat clone\pat\1014\1014\debug\stdafx.nativecodeanalysis.xml
c:\github\pat clone\pat\1014\1014\debug\stdafx.obj
c:\github\pat clone\pat\1014\1014\debug\1014.nativecodeanalysis.xml
c:\github\pat clone\pat\1014\1014\debug\1014.obj
c:\github\pat clone\pat\1014\debug\1014.ilk
c:\github\pat clone\pat\1014\debug\1014.exe
c:\github\pat clone\pat\1014\debug\1014.pdb
c:\github\pat clone\pat\1014\1014\debug\nativecodeanalysis.read.1.tlog
c:\github\pat clone\pat\1014\1014\debug\vc.nativecodeanalysis.all.xml
c:\github\pat clone\pat\1014\debug\1014.exe.lastcodeanalysissucceeded
c:\github\pat clone\pat\1014\1014\debug\1014.tlog\cl.command.1.tlog
c:\github\pat clone\pat\1014\1014\debug\1014.tlog\cl.read.1.tlog
c:\github\pat clone\pat\1014\1014\debug\1014.tlog\cl.write.1.tlog
c:\github\pat clone\pat\1014\1014\debug\1014.tlog\link.command.1.tlog
c:\github\pat clone\pat\1014\1014\debug\1014.tlog\link.read.1.tlog
c:\github\pat clone\pat\1014\1014\debug\1014.tlog\link.write.1.tlog
